0.0 6.280277456647399
1.001 19.54017182817183
2.001 16.453664
3.0 22.31803003003003
4.0 18.893568
5.0 19.20112
6.001 16.68983816183816
7.0 8.134598598598599
8.0 27.598816
9.0 16.978176
10.0 16.37632
11.0 6.729216
12.0 14.051552
13.0 8.961504000000001
14.0 7.484096
15.001 10.740907092907094
16.0 9.28912912912913
17.0 12.201888
18.001 12.988163836163837
19.0 14.728456456456458
20.001 11.958281718281718
21.0 11.012772772772772
22.0 23.582528
23.0 18.22496
24.0 18.710240000000002
25.0 6.276288
26.0 6.540704
27.0 18.080831999999997
28.0 30.344511999999998
29.0 25.653728
30.0 26.894848000000003
31.001 16.632135864135865
32.001 19.803008000000002
33.0 25.540484484484484
34.0 26.625696
35.0 28.104352
36.0 32.594016
37.001 23.064647352647352
38.0 16.77511111111111
39.0 13.248352
40.0 16.27824
41.0 10.848704
42.001 14.382257742257742
43.0 14.983175175175175
44.0 27.725664000000002
45.0 36.201888
46.0 33.597408
47.0 35.820032
48.0 20.715232
49.0 17.789664000000002
50.0 14.130976
51.0 17.909344
52.0 30.484064
53.0 25.76816
54.001 37.42785214785215
55.0 21.733445445445447
56.0 20.521952000000002
57.0 27.056064
58.001 29.330637362637365
59.001 32.087136
60.0 40.215415415415414
61.0 44.89264
62.001 33.87888911088911
63.0 38.64574974974975
64.0 27.411328
65.0 22.481056000000002
66.0 35.95872
67.0 42.742912
68.001 34.37452147852148
69.0 38.61794594594595
70.0 20.2856
71.0 11.255808000000002
72.0 47.284224
73.001 42.42557442557443
74.0 33.34118118118118
75.001 13.322773226773226
76.0 37.63975175175175
77.0 41.180800000000005
78.0 31.600832
79.0 32.67984
80.0 39.448352
81.0 30.881536
82.0 46.170112
83.0 49.837824000000005
84.0 43.87248
85.001 43.68521078921079
86.001 39.616512
87.0 50.677237237237236
88.001 28.217798201798203
89.0 51.300452452452454
90.0 52.140672
91.0 26.722752
92.0 38.795648
93.0 25.352896
94.0 42.123264000000006
95.0 56.573952
96.0 30.899584
97.0 17.574432
98.0 45.134527999999996
99.0 27.741472
100.0 37.566432
101.0 35.734303999999995
102.001 45.263856143856145
103.0 29.365365365365363
104.0 35.822592
105.0 23.808832
106.0 50.348032
107.0 35.621184
108.001 34.94767632367632
109.0 32.05535135135135
110.0 32.278848
111.0 24.865568
112.001 21.34694105894106
113.0 32.26564164164164
114.001 30.892435564435566
115.001 30.913824
116.001 37.133216000000004
117.0 37.344384384384384
118.0 7.22528
119.0 23.953408
120.0 46.350336000000006
121.0 52.601504
122.0 38.00752
123.0 43.51952
124.0 19.364544000000002
125.0 8.323072
126.001 27.44851948051948
127.001 37.470208
128.0 26.732652652652654
129.0 26.148864000000003
130.0 23.396352
131.0 44.2368
132.001 56.82841958041958
133.001 41.582592
134.001 40.206336
135.0 19.28687087087087
136.0 28.50816
137.0 58.5728
138.0 49.332224000000004
139.0 44.171264
140.001 42.49037362637363
141.001 38.22387200000001
142.0 49.48603003003003
143.001 38.65641558441558
144.001 25.41456
145.0 26.61784984984985
146.0 48.545792000000006
147.002 27.829908183632735
148.0 53.33829258517034
149.0 55.853055999999995
150.0 39.059456
151.0 41.618272
152.0 33.419648
153.0 43.876352
154.0 34.673888
155.001 31.480359640359644
156.001 31.861504
157.001 51.085312
158.0 19.28687087087087
159.001 10.737166833166834
160.001 15.466496
161.0 46.70834034034034
162.001 52.147276723276725
163.0 40.64019219219219
164.0 41.713664
165.0 34.045952
166.0 54.329344
167.0 56.459264000000005
168.001 30.934825174825175
169.0 16.85961161161161
170.0 19.152896000000002
171.0 32.735232
172.0 51.856224000000005
173.0 16.591808
174.001 17.18805994005994
175.0 22.06295895895896
176.0 31.031295999999998
177.0 41.255456
178.0 37.700864
179.0 31.347616000000002
180.0 31.998687999999998
181.001 28.80274925074925
182.0 34.51038238238238
183.001 21.044459540459542
184.0 23.59184784784785
185.0 21.924256000000003
186.0 19.502655999999998
187.0 20.340288
188.0 29.212191999999998
189.0 30.35696
190.0 47.552576
191.0 44.498944
192.001 34.993998001998
193.0 48.61078678678679
194.001 53.98096303696304
195.0 24.353057057057057
196.0 21.24448
197.0 15.204352000000002
198.0 42.0392
199.001 45.66569430569431
200.001 46.866816
201.001 37.880767999999996
202.001 48.264128
203.0 41.955267267267274
204.0 37.994496
205.0 34.078720000000004
206.0 56.36096
207.001 35.59902497502498
208.0 37.971635635635636
209.0 42.951488
210.001 42.85046153846154
211.001 27.721728
212.0 12.398702702702703
213.001 41.524683316683316
214.0 55.30215015015015
215.001 45.63295904095904
216.0 48.52878478478479
217.0 39.23968
218.001 59.72549050949051
219.001 46.645248
220.0 52.05487087087087
221.0 42.77862400000001
222.0 41.877504
223.0 44.302336000000004
224.0 54.657024
225.0 45.056
226.001 51.99996803196804
227.0 29.192712712712712
228.0 55.017472000000005
229.0 52.330496000000004
230.001 38.169318681318686
231.001 37.444096
232.0 27.98507307307307
233.0 47.75376
234.001 37.79027372627373
235.0 36.77911511511511
236.001 35.84028771228771
237.0 29.832424424424428
238.001 24.659916083916084
239.0 23.32732732732733
240.0 18.004768000000002
241.0 39.95094400000001
242.0 41.951167999999996
243.0 46.288512000000004
244.0 40.927232000000004
245.001 43.512807192807195
246.001 33.09568
247.0 53.84251451451451
248.001 49.643028971028976
249.001 33.718272
250.001 41.61536
251.0 52.956892892892895
252.001 35.141306693306696
253.001 48.447488
254.001 54.329344
255.0 43.93667267267267
256.001 51.836291708291704
257.001 42.942464
258.0 36.7532972972973
259.0 48.726016
260.0 54.755328000000006
261.0 48.431104
262.0 50.790400000000005
263.0 41.336832
264.0 35.209216
265.0 51.44576
266.0 53.919744
267.0 44.31872
268.0 48.939008
269.0 52.59264
270.0 39.87865600000001
271.0 44.007424
272.0 55.984128
273.0 41.566207999999996
274.001 52.80198201798202
275.001 38.756992
276.0 33.05366166166166
277.0 33.98704
278.0 36.343424
279.0 30.715616
280.001 28.070489510489512
281.0 42.268924924924924
282.0 36.252447999999994
283.001 31.746717282717285
284.0 36.44396396396397
285.0 36.097568
286.0 39.268415999999995
287.0 40.865376
288.0 40.992768
289.001 52.59422177822178
290.0 32.857689689689686
291.001 34.86673326673327
292.0 24.05141141141141
293.0 23.507712
294.001 23.372979020979024
295.0 54.725157157157156
296.0 30.394496
297.0 25.881184
298.001 26.46981818181818
299.001 17.523008
300.0 33.15888688688689
301.0 22.892544
302.0 34.735264
303.0 31.090272000000002
304.0 16.142304
305.0 44.070592
306.001 28.135384615384616
307.001 24.461759999999998
308.0 30.3310990990991
309.001 39.01014185814186
310.001 31.70304
311.0 34.131859859859865
312.001 32.52955044955045
313.001 29.645216
314.0 37.11023023023023
315.0 27.918336
316.0 59.342848
317.0 41.780256
318.0 29.624192
319.001 24.84987012987013
320.0 17.71425825825826
321.0 18.959712
322.001 42.84368431568432
323.0 19.473809809809808
324.0 20.974880000000002
325.002 25.31624750499002
326.0 17.773306613226453
327.001 17.968975024975027
328.0 34.071799799799805
329.0 33.1192
330.0 17.275968000000002
331.0 15.885088
332.001 32.53412187812188
333.001 40.366528
334.0 40.498770770770776
335.0 28.714240000000004
336.001 34.76612987012987
337.0 39.16678278278279
338.0 43.705984
339.0 47.547904
340.0 47.169536
341.0 46.579712
342.0 30.179328
343.0 44.238528
344.0 41.140224
345.001 30.995212787212786
346.0 27.93555155155155
347.0 37.126656000000004
348.0 34.822272
349.0 38.284448
350.0 36.8624
351.0 38.107328
352.001 27.630417582417586
353.0 10.784
354.0 0.0
355.0 40.668928
356.0 28.704768
357.0 37.912576
358.0 33.980416
359.0 27.869184
360.001 36.450717282717285
361.0 34.04723123123123
362.0 55.181312
363.001 52.261850149850154
364.0 50.086822822822825
365.0 43.876352
366.0 39.256064
367.0 55.05024
368.0 48.529408000000004
369.0 53.805056
370.0 41.910272
371.0 44.40064
372.0 61.308928
373.001 51.95086513486513
374.001 48.005120000000005
375.0 43.78906906906907
376.001 40.44441958041958
377.0 48.57798598598599
378.001 54.01318681318681
379.001 27.869184
380.0 23.41977177177177
381.0 29.884416
382.0 3.8010880000000005
383.001 44.91278321678322
384.001 58.687488
385.0 43.592264264264266
386.0 47.972352
387.0 33.75104
388.0 57.966592
389.0 52.297728000000006
390.001 51.99996803196804
391.0 51.59565965965966
392.0 41.04192
393.0 45.563904
394.0 61.227008000000005
395.0 50.003968
396.001 50.37957242757243
397.001 48.41472
398.0 25.87983183183183
399.001 59.11988811188811
400.0 54.90854054054054
401.0 42.77862400000001
402.0 50.29888
403.001 33.2262937062937
404.0 52.84209009009009
405.0 58.916864000000004
406.0 48.16896
407.0 46.399488
408.0 34.373632
409.0 51.6096
410.0 54.755328000000006
411.001 51.08338061938062
412.0 46.60993793793794
413.0 40.763392
414.0 49.741824
415.0 52.871168
416.0 50.937856000000004
417.002 44.49188023952096
418.0 39.21981563126252
419.001 46.71322277722278
420.001 57.278464
421.0 52.18607407407407
422.0 44.43340800000001
423.0 42.139648
424.0 44.384256
425.0 55.525375999999994
426.0 52.117504000000004
427.001 46.66411988011988
428.0 41.853821821821825
429.0 40.861696
430.0 54.296576
431.0 48.98816000000001
432.001 49.757602397602405
433.0 43.37905905905906
434.0 38.092800000000004
435.0 57.556992
436.0 49.414144
437.0 44.515328000000004
438.0 44.892160000000004
439.0 37.912576
440.0 56.68864
441.0 40.828928
442.0 20.31616
443.0 46.596095999999996
444.0 30.523392
445.0 54.39488
446.0 54.837248
447.0 47.906816
448.0 50.561023999999996
449.0 33.1776
450.0 53.444608
451.001 53.35848151848152
452.0 47.98757157157157
453.0 48.332800000000006
454.001 30.492899100899102
455.0 52.13687287287288
456.001 57.1885074925075
457.0 46.70834034034034
458.0 47.415296000000005
459.001 37.711024975024976
460.0 47.52836036036037
461.0 61.88236800000001
